# Logfile created on 2014-04-23 07:57:17 -0400 by logger.rb/31641
I, [2014-04-23T07:57:17.918055 #224479]  INFO -- : 0:  rake (10.1.1) from /usr/libexec/openshift/cartridges/c9-0.1/root/lib/ruby/gems/specifications/rake-10.1.1.gemspec
I, [2014-04-23T07:57:17.919076 #224479]  INFO -- : 0:  i18n (0.6.9) from /usr/libexec/openshift/cartridges/c9-0.1/root/lib/ruby/gems/specifications/i18n-0.6.9.gemspec
I, [2014-04-23T07:57:17.919691 #224479]  INFO -- : 0:  minitest (4.7.5) from /usr/libexec/openshift/cartridges/c9-0.1/root/lib/ruby/gems/specifications/minitest-4.7.5.gemspec
I, [2014-04-23T07:57:17.920316 #224479]  INFO -- : 0:  multi_json (1.8.4) from /usr/libexec/openshift/cartridges/c9-0.1/root/lib/ruby/gems/specifications/multi_json-1.8.4.gemspec
I, [2014-04-23T07:57:17.920853 #224479]  INFO -- : 0:  atomic (1.1.14) from /usr/libexec/openshift/cartridges/c9-0.1/root/lib/ruby/gems/specifications/atomic-1.1.14.gemspec
I, [2014-04-23T07:57:17.921437 #224479]  INFO -- : 0:  thread_safe (0.1.3) from /usr/libexec/openshift/cartridges/c9-0.1/root/lib/ruby/gems/specifications/thread_safe-0.1.3.gemspec
I, [2014-04-23T07:57:17.922021 #224479]  INFO -- : 0:  tzinfo (0.3.38) from /usr/libexec/openshift/cartridges/c9-0.1/root/lib/ruby/gems/specifications/tzinfo-0.3.38.gemspec
I, [2014-04-23T07:57:17.922560 #224479]  INFO -- : 0:  activesupport (4.0.0) from /usr/libexec/openshift/cartridges/c9-0.1/root/lib/ruby/gems/specifications/activesupport-4.0.0.gemspec
I, [2014-04-23T07:57:18.012090 #224479]  INFO -- : 0:  builder (3.1.4) from /usr/libexec/openshift/cartridges/c9-0.1/root/lib/ruby/gems/specifications/builder-3.1.4.gemspec
I, [2014-04-23T07:57:18.012799 #224479]  INFO -- : 0:  erubis (2.7.0) from /usr/libexec/openshift/cartridges/c9-0.1/root/lib/ruby/gems/specifications/erubis-2.7.0.gemspec
I, [2014-04-23T07:57:18.013388 #224479]  INFO -- : 0:  rack (1.5.2) from /usr/libexec/openshift/cartridges/c9-0.1/root/lib/ruby/gems/specifications/rack-1.5.2.gemspec
I, [2014-04-23T07:57:18.013937 #224479]  INFO -- : 0:  rack-test (0.6.2) from /usr/libexec/openshift/cartridges/c9-0.1/root/lib/ruby/gems/specifications/rack-test-0.6.2.gemspec
I, [2014-04-23T07:57:18.014489 #224479]  INFO -- : 0:  actionpack (4.0.0) from /usr/libexec/openshift/cartridges/c9-0.1/root/lib/ruby/gems/specifications/actionpack-4.0.0.gemspec
I, [2014-04-23T07:57:18.015068 #224479]  INFO -- : 0:  mime-types (1.25.1) from /usr/libexec/openshift/cartridges/c9-0.1/root/lib/ruby/gems/specifications/mime-types-1.25.1.gemspec
I, [2014-04-23T07:57:18.015619 #224479]  INFO -- : 0:  polyglot (0.3.3) from /usr/libexec/openshift/cartridges/c9-0.1/root/lib/ruby/gems/specifications/polyglot-0.3.3.gemspec
I, [2014-04-23T07:57:18.016179 #224479]  INFO -- : 0:  treetop (1.4.15) from /usr/libexec/openshift/cartridges/c9-0.1/root/lib/ruby/gems/specifications/treetop-1.4.15.gemspec
I, [2014-04-23T07:57:18.016744 #224479]  INFO -- : 0:  mail (2.5.4) from /usr/libexec/openshift/cartridges/c9-0.1/root/lib/ruby/gems/specifications/mail-2.5.4.gemspec
I, [2014-04-23T07:57:18.017302 #224479]  INFO -- : 0:  actionmailer (4.0.0) from /usr/libexec/openshift/cartridges/c9-0.1/root/lib/ruby/gems/specifications/actionmailer-4.0.0.gemspec
I, [2014-04-23T07:57:18.017879 #224479]  INFO -- : 0:  activemodel (4.0.0) from /usr/libexec/openshift/cartridges/c9-0.1/root/lib/ruby/gems/specifications/activemodel-4.0.0.gemspec
I, [2014-04-23T07:57:18.018447 #224479]  INFO -- : 0:  activerecord-deprecated_finders (1.0.3) from /usr/libexec/openshift/cartridges/c9-0.1/root/lib/ruby/gems/specifications/activerecord-deprecated_finders-1.0.3.gemspec
I, [2014-04-23T07:57:18.019049 #224479]  INFO -- : 0:  arel (4.0.1) from /usr/libexec/openshift/cartridges/c9-0.1/root/lib/ruby/gems/specifications/arel-4.0.1.gemspec
I, [2014-04-23T07:57:18.019639 #224479]  INFO -- : 0:  activerecord (4.0.0) from /usr/libexec/openshift/cartridges/c9-0.1/root/lib/ruby/gems/specifications/activerecord-4.0.0.gemspec
I, [2014-04-23T07:57:18.020206 #224479]  INFO -- : 0:  bundler (1.5.1) from /usr/libexec/openshift/cartridges/c9-0.1/root/lib/ruby/gems/specifications/bundler-1.5.1.gemspec
I, [2014-04-23T07:57:18.020823 #224479]  INFO -- : 0:  coffee-script-source (1.6.3) from /usr/libexec/openshift/cartridges/c9-0.1/root/lib/ruby/gems/specifications/coffee-script-source-1.6.3.gemspec
I, [2014-04-23T07:57:18.021414 #224479]  INFO -- : 0:  execjs (2.0.2) from /usr/libexec/openshift/cartridges/c9-0.1/root/lib/ruby/gems/specifications/execjs-2.0.2.gemspec
I, [2014-04-23T07:57:18.022103 #224479]  INFO -- : 0:  coffee-script (2.2.0) from /usr/libexec/openshift/cartridges/c9-0.1/root/lib/ruby/gems/specifications/coffee-script-2.2.0.gemspec
I, [2014-04-23T07:57:18.030088 #224479]  INFO -- : 0:  thor (0.18.1) from /usr/libexec/openshift/cartridges/c9-0.1/root/lib/ruby/gems/specifications/thor-0.18.1.gemspec
I, [2014-04-23T07:57:18.030749 #224479]  INFO -- : 0:  railties (4.0.0) from /usr/libexec/openshift/cartridges/c9-0.1/root/lib/ruby/gems/specifications/railties-4.0.0.gemspec
I, [2014-04-23T07:57:18.031293 #224479]  INFO -- : 0:  coffee-rails (4.0.1) from /usr/libexec/openshift/cartridges/c9-0.1/root/lib/ruby/gems/specifications/coffee-rails-4.0.1.gemspec
I, [2014-04-23T07:57:18.031816 #224479]  INFO -- : 0:  hike (1.2.3) from /usr/libexec/openshift/cartridges/c9-0.1/root/lib/ruby/gems/specifications/hike-1.2.3.gemspec
I, [2014-04-23T07:57:18.032404 #224479]  INFO -- : 0:  jbuilder (1.5.3) from /usr/libexec/openshift/cartridges/c9-0.1/root/lib/ruby/gems/specifications/jbuilder-1.5.3.gemspec
I, [2014-04-23T07:57:18.032923 #224479]  INFO -- : 0:  jquery-rails (3.0.4) from /usr/libexec/openshift/cartridges/c9-0.1/root/lib/ruby/gems/specifications/jquery-rails-3.0.4.gemspec
I, [2014-04-23T07:57:18.033553 #224479]  INFO -- : 0:  json (1.8.1) from /usr/libexec/openshift/cartridges/c9-0.1/root/lib/ruby/gems/specifications/json-1.8.1.gemspec
I, [2014-04-23T07:57:18.034129 #224479]  INFO -- : 0:  tilt (1.4.1) from /usr/libexec/openshift/cartridges/c9-0.1/root/lib/ruby/gems/specifications/tilt-1.4.1.gemspec
I, [2014-04-23T07:57:18.034660 #224479]  INFO -- : 0:  sprockets (2.10.1) from /usr/libexec/openshift/cartridges/c9-0.1/root/lib/ruby/gems/specifications/sprockets-2.10.1.gemspec
I, [2014-04-23T07:57:18.035210 #224479]  INFO -- : 0:  sprockets-rails (2.0.1) from /usr/libexec/openshift/cartridges/c9-0.1/root/lib/ruby/gems/specifications/sprockets-rails-2.0.1.gemspec
I, [2014-04-23T07:57:18.035736 #224479]  INFO -- : 0:  rails (4.0.0) from /usr/libexec/openshift/cartridges/c9-0.1/root/lib/ruby/gems/specifications/rails-4.0.0.gemspec
I, [2014-04-23T07:57:18.036319 #224479]  INFO -- : 0:  rdoc (4.1.1) from /usr/libexec/openshift/cartridges/c9-0.1/root/lib/ruby/gems/specifications/rdoc-4.1.1.gemspec
I, [2014-04-23T07:57:18.036858 #224479]  INFO -- : 0:  sass (3.2.13) from /usr/libexec/openshift/cartridges/c9-0.1/root/lib/ruby/gems/specifications/sass-3.2.13.gemspec
I, [2014-04-23T07:57:18.037412 #224479]  INFO -- : 0:  sass-rails (4.0.1) from /usr/libexec/openshift/cartridges/c9-0.1/root/lib/ruby/gems/specifications/sass-rails-4.0.1.gemspec
I, [2014-04-23T07:57:18.037981 #224479]  INFO -- : 0:  sdoc (0.4.0) from /usr/libexec/openshift/cartridges/c9-0.1/root/lib/ruby/gems/specifications/sdoc-0.4.0.gemspec
I, [2014-04-23T07:57:18.038503 #224479]  INFO -- : 0:  sqlite3 (1.3.8) from /usr/libexec/openshift/cartridges/c9-0.1/root/lib/ruby/gems/specifications/sqlite3-1.3.8.gemspec
I, [2014-04-23T07:57:18.039058 #224479]  INFO -- : 0:  turbolinks (2.2.0) from /usr/libexec/openshift/cartridges/c9-0.1/root/lib/ruby/gems/specifications/turbolinks-2.2.0.gemspec
I, [2014-04-23T07:57:18.039586 #224479]  INFO -- : 0:  uglifier (2.4.0) from /usr/libexec/openshift/cartridges/c9-0.1/root/lib/ruby/gems/specifications/uglifier-2.4.0.gemspec
I, [2014-04-23T08:49:31.716925 #258603]  INFO -- : 0:  rake (10.1.1) from /usr/libexec/openshift/cartridges/c9-0.1/root/lib/ruby/gems/specifications/rake-10.1.1.gemspec
I, [2014-04-23T08:49:31.717930 #258603]  INFO -- : 0:  i18n (0.6.9) from /usr/libexec/openshift/cartridges/c9-0.1/root/lib/ruby/gems/specifications/i18n-0.6.9.gemspec
I, [2014-04-23T08:49:31.720390 #258603]  INFO -- : 0:  minitest (4.7.5) from /usr/libexec/openshift/cartridges/c9-0.1/root/lib/ruby/gems/specifications/minitest-4.7.5.gemspec
I, [2014-04-23T08:49:31.721260 #258603]  INFO -- : 0:  multi_json (1.8.4) from /usr/libexec/openshift/cartridges/c9-0.1/root/lib/ruby/gems/specifications/multi_json-1.8.4.gemspec
I, [2014-04-23T08:49:31.721992 #258603]  INFO -- : 0:  atomic (1.1.14) from /usr/libexec/openshift/cartridges/c9-0.1/root/lib/ruby/gems/specifications/atomic-1.1.14.gemspec
I, [2014-04-23T08:49:31.722732 #258603]  INFO -- : 0:  thread_safe (0.1.3) from /usr/libexec/openshift/cartridges/c9-0.1/root/lib/ruby/gems/specifications/thread_safe-0.1.3.gemspec
I, [2014-04-23T08:49:31.723365 #258603]  INFO -- : 0:  tzinfo (0.3.38) from /usr/libexec/openshift/cartridges/c9-0.1/root/lib/ruby/gems/specifications/tzinfo-0.3.38.gemspec
I, [2014-04-23T08:49:31.724079 #258603]  INFO -- : 0:  activesupport (4.0.0) from /usr/libexec/openshift/cartridges/c9-0.1/root/lib/ruby/gems/specifications/activesupport-4.0.0.gemspec
I, [2014-04-23T08:49:31.724742 #258603]  INFO -- : 0:  builder (3.1.4) from /usr/libexec/openshift/cartridges/c9-0.1/root/lib/ruby/gems/specifications/builder-3.1.4.gemspec
I, [2014-04-23T08:49:31.725456 #258603]  INFO -- : 0:  erubis (2.7.0) from /usr/libexec/openshift/cartridges/c9-0.1/root/lib/ruby/gems/specifications/erubis-2.7.0.gemspec
I, [2014-04-23T08:49:31.726113 #258603]  INFO -- : 0:  rack (1.5.2) from /usr/libexec/openshift/cartridges/c9-0.1/root/lib/ruby/gems/specifications/rack-1.5.2.gemspec
I, [2014-04-23T08:49:31.726909 #258603]  INFO -- : 0:  rack-test (0.6.2) from /usr/libexec/openshift/cartridges/c9-0.1/root/lib/ruby/gems/specifications/rack-test-0.6.2.gemspec
I, [2014-04-23T08:49:31.727703 #258603]  INFO -- : 0:  actionpack (4.0.0) from /usr/libexec/openshift/cartridges/c9-0.1/root/lib/ruby/gems/specifications/actionpack-4.0.0.gemspec
I, [2014-04-23T08:49:31.728393 #258603]  INFO -- : 0:  mime-types (1.25.1) from /usr/libexec/openshift/cartridges/c9-0.1/root/lib/ruby/gems/specifications/mime-types-1.25.1.gemspec
I, [2014-04-23T08:49:31.729055 #258603]  INFO -- : 0:  polyglot (0.3.3) from /usr/libexec/openshift/cartridges/c9-0.1/root/lib/ruby/gems/specifications/polyglot-0.3.3.gemspec
I, [2014-04-23T08:49:31.729658 #258603]  INFO -- : 0:  treetop (1.4.15) from /usr/libexec/openshift/cartridges/c9-0.1/root/lib/ruby/gems/specifications/treetop-1.4.15.gemspec
I, [2014-04-23T08:49:31.730307 #258603]  INFO -- : 0:  mail (2.5.4) from /usr/libexec/openshift/cartridges/c9-0.1/root/lib/ruby/gems/specifications/mail-2.5.4.gemspec
I, [2014-04-23T08:49:31.731117 #258603]  INFO -- : 0:  actionmailer (4.0.0) from /usr/libexec/openshift/cartridges/c9-0.1/root/lib/ruby/gems/specifications/actionmailer-4.0.0.gemspec
I, [2014-04-23T08:49:31.731732 #258603]  INFO -- : 0:  activemodel (4.0.0) from /usr/libexec/openshift/cartridges/c9-0.1/root/lib/ruby/gems/specifications/activemodel-4.0.0.gemspec
I, [2014-04-23T08:49:31.794449 #258603]  INFO -- : 0:  activerecord-deprecated_finders (1.0.3) from /usr/libexec/openshift/cartridges/c9-0.1/root/lib/ruby/gems/specifications/activerecord-deprecated_finders-1.0.3.gemspec
I, [2014-04-23T08:49:31.795244 #258603]  INFO -- : 0:  arel (4.0.1) from /usr/libexec/openshift/cartridges/c9-0.1/root/lib/ruby/gems/specifications/arel-4.0.1.gemspec
I, [2014-04-23T08:49:31.795819 #258603]  INFO -- : 0:  activerecord (4.0.0) from /usr/libexec/openshift/cartridges/c9-0.1/root/lib/ruby/gems/specifications/activerecord-4.0.0.gemspec
I, [2014-04-23T08:49:41.415236 #258603]  INFO -- : 0:  bcrypt-ruby (3.0.1) from /var/lib/stickshift/5355bd8c5973ca6695000443/app-root/data/lib/ruby/gems/specifications/bcrypt-ruby-3.0.1.gemspec
I, [2014-04-23T08:49:41.416565 #258603]  INFO -- : 0:  bundler (1.5.1) from /usr/libexec/openshift/cartridges/c9-0.1/root/lib/ruby/gems/specifications/bundler-1.5.1.gemspec
I, [2014-04-23T08:49:42.801194 #258603]  INFO -- : 0:  columnize (0.8.9) from /var/lib/stickshift/5355bd8c5973ca6695000443/app-root/data/lib/ruby/gems/specifications/columnize-0.8.9.gemspec
I, [2014-04-23T08:49:44.834658 #258603]  INFO -- : 0:  debugger-linecache (1.2.0) from /var/lib/stickshift/5355bd8c5973ca6695000443/app-root/data/lib/ruby/gems/specifications/debugger-linecache-1.2.0.gemspec
I, [2014-04-23T08:50:06.200336 #258603]  INFO -- : 0:  debugger-ruby_core_source (1.3.2) from /var/lib/stickshift/5355bd8c5973ca6695000443/app-root/data/lib/ruby/gems/specifications/debugger-ruby_core_source-1.3.2.gemspec
I, [2014-04-23T08:50:27.016234 #258603]  INFO -- : 0:  debugger (1.6.6) from /var/lib/stickshift/5355bd8c5973ca6695000443/app-root/data/lib/ruby/gems/specifications/debugger-1.6.6.gemspec
I, [2014-04-23T08:50:27.017830 #258603]  INFO -- : 0:  execjs (2.0.2) from /usr/libexec/openshift/cartridges/c9-0.1/root/lib/ruby/gems/specifications/execjs-2.0.2.gemspec
I, [2014-04-23T08:50:27.018652 #258603]  INFO -- : 0:  hike (1.2.3) from /usr/libexec/openshift/cartridges/c9-0.1/root/lib/ruby/gems/specifications/hike-1.2.3.gemspec
I, [2014-04-23T08:50:27.019707 #258603]  INFO -- : 0:  jbuilder (1.5.3) from /usr/libexec/openshift/cartridges/c9-0.1/root/lib/ruby/gems/specifications/jbuilder-1.5.3.gemspec
I, [2014-04-23T08:50:27.022772 #258603]  INFO -- : 0:  json (1.8.1) from /usr/libexec/openshift/cartridges/c9-0.1/root/lib/ruby/gems/specifications/json-1.8.1.gemspec
I, [2014-04-23T08:50:27.023694 #258603]  INFO -- : 0:  thor (0.18.1) from /usr/libexec/openshift/cartridges/c9-0.1/root/lib/ruby/gems/specifications/thor-0.18.1.gemspec
I, [2014-04-23T08:50:27.094901 #258603]  INFO -- : 0:  railties (4.0.0) from /usr/libexec/openshift/cartridges/c9-0.1/root/lib/ruby/gems/specifications/railties-4.0.0.gemspec
I, [2014-04-23T08:50:27.095576 #258603]  INFO -- : 0:  tilt (1.4.1) from /usr/libexec/openshift/cartridges/c9-0.1/root/lib/ruby/gems/specifications/tilt-1.4.1.gemspec
I, [2014-04-23T08:50:27.096599 #258603]  INFO -- : 0:  sprockets (2.10.1) from /usr/libexec/openshift/cartridges/c9-0.1/root/lib/ruby/gems/specifications/sprockets-2.10.1.gemspec
I, [2014-04-23T08:50:27.097364 #258603]  INFO -- : 0:  sprockets-rails (2.0.1) from /usr/libexec/openshift/cartridges/c9-0.1/root/lib/ruby/gems/specifications/sprockets-rails-2.0.1.gemspec
I, [2014-04-23T08:50:27.098366 #258603]  INFO -- : 0:  rails (4.0.0) from /usr/libexec/openshift/cartridges/c9-0.1/root/lib/ruby/gems/specifications/rails-4.0.0.gemspec
I, [2014-04-23T08:50:27.099129 #258603]  INFO -- : 0:  rdoc (4.1.1) from /usr/libexec/openshift/cartridges/c9-0.1/root/lib/ruby/gems/specifications/rdoc-4.1.1.gemspec
I, [2014-04-23T08:50:27.100055 #258603]  INFO -- : 0:  sdoc (0.4.0) from /usr/libexec/openshift/cartridges/c9-0.1/root/lib/ruby/gems/specifications/sdoc-0.4.0.gemspec
I, [2014-04-23T08:50:27.100778 #258603]  INFO -- : 0:  sqlite3 (1.3.8) from /usr/libexec/openshift/cartridges/c9-0.1/root/lib/ruby/gems/specifications/sqlite3-1.3.8.gemspec
I, [2014-04-23T08:50:27.101477 #258603]  INFO -- : 0:  uglifier (2.4.0) from /usr/libexec/openshift/cartridges/c9-0.1/root/lib/ruby/gems/specifications/uglifier-2.4.0.gemspec
I, [2014-04-23T09:00:50.405793 #267442]  INFO -- : 0:  rake (10.1.1) from /usr/libexec/openshift/cartridges/c9-0.1/root/lib/ruby/gems/specifications/rake-10.1.1.gemspec
I, [2014-04-23T09:00:50.406750 #267442]  INFO -- : 0:  i18n (0.6.9) from /usr/libexec/openshift/cartridges/c9-0.1/root/lib/ruby/gems/specifications/i18n-0.6.9.gemspec
I, [2014-04-23T09:00:50.407608 #267442]  INFO -- : 0:  minitest (4.7.5) from /usr/libexec/openshift/cartridges/c9-0.1/root/lib/ruby/gems/specifications/minitest-4.7.5.gemspec
I, [2014-04-23T09:00:50.408375 #267442]  INFO -- : 0:  multi_json (1.8.4) from /usr/libexec/openshift/cartridges/c9-0.1/root/lib/ruby/gems/specifications/multi_json-1.8.4.gemspec
I, [2014-04-23T09:00:50.409360 #267442]  INFO -- : 0:  atomic (1.1.14) from /usr/libexec/openshift/cartridges/c9-0.1/root/lib/ruby/gems/specifications/atomic-1.1.14.gemspec
I, [2014-04-23T09:00:50.409924 #267442]  INFO -- : 0:  thread_safe (0.1.3) from /usr/libexec/openshift/cartridges/c9-0.1/root/lib/ruby/gems/specifications/thread_safe-0.1.3.gemspec
I, [2014-04-23T09:00:50.410595 #267442]  INFO -- : 0:  tzinfo (0.3.38) from /usr/libexec/openshift/cartridges/c9-0.1/root/lib/ruby/gems/specifications/tzinfo-0.3.38.gemspec
I, [2014-04-23T09:00:50.411324 #267442]  INFO -- : 0:  activesupport (4.0.0) from /usr/libexec/openshift/cartridges/c9-0.1/root/lib/ruby/gems/specifications/activesupport-4.0.0.gemspec
I, [2014-04-23T09:00:50.411871 #267442]  INFO -- : 0:  builder (3.1.4) from /usr/libexec/openshift/cartridges/c9-0.1/root/lib/ruby/gems/specifications/builder-3.1.4.gemspec
I, [2014-04-23T09:00:50.412539 #267442]  INFO -- : 0:  erubis (2.7.0) from /usr/libexec/openshift/cartridges/c9-0.1/root/lib/ruby/gems/specifications/erubis-2.7.0.gemspec
I, [2014-04-23T09:00:50.413208 #267442]  INFO -- : 0:  rack (1.5.2) from /usr/libexec/openshift/cartridges/c9-0.1/root/lib/ruby/gems/specifications/rack-1.5.2.gemspec
I, [2014-04-23T09:00:50.413786 #267442]  INFO -- : 0:  rack-test (0.6.2) from /usr/libexec/openshift/cartridges/c9-0.1/root/lib/ruby/gems/specifications/rack-test-0.6.2.gemspec
I, [2014-04-23T09:00:50.414454 #267442]  INFO -- : 0:  actionpack (4.0.0) from /usr/libexec/openshift/cartridges/c9-0.1/root/lib/ruby/gems/specifications/actionpack-4.0.0.gemspec
I, [2014-04-23T09:00:50.415123 #267442]  INFO -- : 0:  mime-types (1.25.1) from /usr/libexec/openshift/cartridges/c9-0.1/root/lib/ruby/gems/specifications/mime-types-1.25.1.gemspec
I, [2014-04-23T09:00:50.415703 #267442]  INFO -- : 0:  polyglot (0.3.3) from /usr/libexec/openshift/cartridges/c9-0.1/root/lib/ruby/gems/specifications/polyglot-0.3.3.gemspec
I, [2014-04-23T09:00:50.416343 #267442]  INFO -- : 0:  treetop (1.4.15) from /usr/libexec/openshift/cartridges/c9-0.1/root/lib/ruby/gems/specifications/treetop-1.4.15.gemspec
I, [2014-04-23T09:00:50.416939 #267442]  INFO -- : 0:  mail (2.5.4) from /usr/libexec/openshift/cartridges/c9-0.1/root/lib/ruby/gems/specifications/mail-2.5.4.gemspec
I, [2014-04-23T09:00:50.417858 #267442]  INFO -- : 0:  actionmailer (4.0.0) from /usr/libexec/openshift/cartridges/c9-0.1/root/lib/ruby/gems/specifications/actionmailer-4.0.0.gemspec
I, [2014-04-23T09:00:50.418514 #267442]  INFO -- : 0:  activemodel (4.0.0) from /usr/libexec/openshift/cartridges/c9-0.1/root/lib/ruby/gems/specifications/activemodel-4.0.0.gemspec
I, [2014-04-23T09:00:50.419243 #267442]  INFO -- : 0:  activerecord-deprecated_finders (1.0.3) from /usr/libexec/openshift/cartridges/c9-0.1/root/lib/ruby/gems/specifications/activerecord-deprecated_finders-1.0.3.gemspec
I, [2014-04-23T09:00:50.419820 #267442]  INFO -- : 0:  arel (4.0.1) from /usr/libexec/openshift/cartridges/c9-0.1/root/lib/ruby/gems/specifications/arel-4.0.1.gemspec
I, [2014-04-23T09:00:50.420483 #267442]  INFO -- : 0:  activerecord (4.0.0) from /usr/libexec/openshift/cartridges/c9-0.1/root/lib/ruby/gems/specifications/activerecord-4.0.0.gemspec
I, [2014-04-23T09:00:50.421141 #267442]  INFO -- : 0:  bcrypt-ruby (3.0.1) from /var/lib/stickshift/5355bd8c5973ca6695000443/app-root/data/lib/ruby/gems/specifications/bcrypt-ruby-3.0.1.gemspec
I, [2014-04-23T09:00:50.421646 #267442]  INFO -- : 0:  bundler (1.5.1) from /usr/libexec/openshift/cartridges/c9-0.1/root/lib/ruby/gems/specifications/bundler-1.5.1.gemspec
I, [2014-04-23T09:00:50.422303 #267442]  INFO -- : 0:  columnize (0.8.9) from /var/lib/stickshift/5355bd8c5973ca6695000443/app-root/data/lib/ruby/gems/specifications/columnize-0.8.9.gemspec
I, [2014-04-23T09:00:50.422893 #267442]  INFO -- : 0:  debugger-linecache (1.2.0) from /var/lib/stickshift/5355bd8c5973ca6695000443/app-root/data/lib/ruby/gems/specifications/debugger-linecache-1.2.0.gemspec
I, [2014-04-23T09:00:50.423557 #267442]  INFO -- : 0:  debugger-ruby_core_source (1.3.2) from /var/lib/stickshift/5355bd8c5973ca6695000443/app-root/data/lib/ruby/gems/specifications/debugger-ruby_core_source-1.3.2.gemspec
I, [2014-04-23T09:00:50.495096 #267442]  INFO -- : 0:  debugger (1.6.6) from /var/lib/stickshift/5355bd8c5973ca6695000443/app-root/data/lib/ruby/gems/specifications/debugger-1.6.6.gemspec
I, [2014-04-23T09:00:50.495776 #267442]  INFO -- : 0:  execjs (2.0.2) from /usr/libexec/openshift/cartridges/c9-0.1/root/lib/ruby/gems/specifications/execjs-2.0.2.gemspec
I, [2014-04-23T09:00:50.496621 #267442]  INFO -- : 0:  hike (1.2.3) from /usr/libexec/openshift/cartridges/c9-0.1/root/lib/ruby/gems/specifications/hike-1.2.3.gemspec
I, [2014-04-23T09:00:50.497341 #267442]  INFO -- : 0:  json (1.8.1) from /usr/libexec/openshift/cartridges/c9-0.1/root/lib/ruby/gems/specifications/json-1.8.1.gemspec
I, [2014-04-23T09:00:50.497895 #267442]  INFO -- : 0:  thor (0.18.1) from /usr/libexec/openshift/cartridges/c9-0.1/root/lib/ruby/gems/specifications/thor-0.18.1.gemspec
I, [2014-04-23T09:00:50.498604 #267442]  INFO -- : 0:  railties (4.0.0) from /usr/libexec/openshift/cartridges/c9-0.1/root/lib/ruby/gems/specifications/railties-4.0.0.gemspec
I, [2014-04-23T09:00:50.499318 #267442]  INFO -- : 0:  tilt (1.4.1) from /usr/libexec/openshift/cartridges/c9-0.1/root/lib/ruby/gems/specifications/tilt-1.4.1.gemspec
I, [2014-04-23T09:00:50.499895 #267442]  INFO -- : 0:  sprockets (2.10.1) from /usr/libexec/openshift/cartridges/c9-0.1/root/lib/ruby/gems/specifications/sprockets-2.10.1.gemspec
I, [2014-04-23T09:00:50.500589 #267442]  INFO -- : 0:  sprockets-rails (2.0.1) from /usr/libexec/openshift/cartridges/c9-0.1/root/lib/ruby/gems/specifications/sprockets-rails-2.0.1.gemspec
I, [2014-04-23T09:00:50.501320 #267442]  INFO -- : 0:  rails (4.0.0) from /usr/libexec/openshift/cartridges/c9-0.1/root/lib/ruby/gems/specifications/rails-4.0.0.gemspec
I, [2014-04-23T09:00:50.501928 #267442]  INFO -- : 0:  rdoc (4.1.1) from /usr/libexec/openshift/cartridges/c9-0.1/root/lib/ruby/gems/specifications/rdoc-4.1.1.gemspec
I, [2014-04-23T09:00:50.502631 #267442]  INFO -- : 0:  sdoc (0.4.0) from /usr/libexec/openshift/cartridges/c9-0.1/root/lib/ruby/gems/specifications/sdoc-0.4.0.gemspec
I, [2014-04-23T09:00:50.503339 #267442]  INFO -- : 0:  sqlite3 (1.3.8) from /usr/libexec/openshift/cartridges/c9-0.1/root/lib/ruby/gems/specifications/sqlite3-1.3.8.gemspec
I, [2014-04-23T09:00:50.503942 #267442]  INFO -- : 0:  uglifier (2.4.0) from /usr/libexec/openshift/cartridges/c9-0.1/root/lib/ruby/gems/specifications/uglifier-2.4.0.gemspec
I, [2014-04-23T12:27:53.401680 #448987]  INFO -- : 0:  rake (10.1.1) from /usr/libexec/openshift/cartridges/c9-0.1/root/lib/ruby/gems/specifications/rake-10.1.1.gemspec
I, [2014-04-23T12:27:53.420870 #448987]  INFO -- : 0:  i18n (0.6.9) from /usr/libexec/openshift/cartridges/c9-0.1/root/lib/ruby/gems/specifications/i18n-0.6.9.gemspec
I, [2014-04-23T12:27:53.421508 #448987]  INFO -- : 0:  minitest (4.7.5) from /usr/libexec/openshift/cartridges/c9-0.1/root/lib/ruby/gems/specifications/minitest-4.7.5.gemspec
I, [2014-04-23T12:27:53.422117 #448987]  INFO -- : 0:  multi_json (1.8.4) from /usr/libexec/openshift/cartridges/c9-0.1/root/lib/ruby/gems/specifications/multi_json-1.8.4.gemspec
I, [2014-04-23T12:27:53.422728 #448987]  INFO -- : 0:  atomic (1.1.14) from /usr/libexec/openshift/cartridges/c9-0.1/root/lib/ruby/gems/specifications/atomic-1.1.14.gemspec
I, [2014-04-23T12:27:53.426098 #448987]  INFO -- : 0:  thread_safe (0.1.3) from /usr/libexec/openshift/cartridges/c9-0.1/root/lib/ruby/gems/specifications/thread_safe-0.1.3.gemspec
I, [2014-04-23T12:27:53.434520 #448987]  INFO -- : 0:  tzinfo (0.3.38) from /usr/libexec/openshift/cartridges/c9-0.1/root/lib/ruby/gems/specifications/tzinfo-0.3.38.gemspec
I, [2014-04-23T12:27:53.435238 #448987]  INFO -- : 0:  activesupport (4.0.0) from /usr/libexec/openshift/cartridges/c9-0.1/root/lib/ruby/gems/specifications/activesupport-4.0.0.gemspec
I, [2014-04-23T12:27:53.435821 #448987]  INFO -- : 0:  builder (3.1.4) from /usr/libexec/openshift/cartridges/c9-0.1/root/lib/ruby/gems/specifications/builder-3.1.4.gemspec
I, [2014-04-23T12:27:53.436410 #448987]  INFO -- : 0:  erubis (2.7.0) from /usr/libexec/openshift/cartridges/c9-0.1/root/lib/ruby/gems/specifications/erubis-2.7.0.gemspec
I, [2014-04-23T12:27:53.437027 #448987]  INFO -- : 0:  rack (1.5.2) from /usr/libexec/openshift/cartridges/c9-0.1/root/lib/ruby/gems/specifications/rack-1.5.2.gemspec
I, [2014-04-23T12:27:53.437589 #448987]  INFO -- : 0:  rack-test (0.6.2) from /usr/libexec/openshift/cartridges/c9-0.1/root/lib/ruby/gems/specifications/rack-test-0.6.2.gemspec
I, [2014-04-23T12:27:53.443568 #448987]  INFO -- : 0:  actionpack (4.0.0) from /usr/libexec/openshift/cartridges/c9-0.1/root/lib/ruby/gems/specifications/actionpack-4.0.0.gemspec
I, [2014-04-23T12:27:53.444250 #448987]  INFO -- : 0:  mime-types (1.25.1) from /usr/libexec/openshift/cartridges/c9-0.1/root/lib/ruby/gems/specifications/mime-types-1.25.1.gemspec
I, [2014-04-23T12:27:53.444820 #448987]  INFO -- : 0:  polyglot (0.3.3) from /usr/libexec/openshift/cartridges/c9-0.1/root/lib/ruby/gems/specifications/polyglot-0.3.3.gemspec
I, [2014-04-23T12:27:53.445385 #448987]  INFO -- : 0:  treetop (1.4.15) from /usr/libexec/openshift/cartridges/c9-0.1/root/lib/ruby/gems/specifications/treetop-1.4.15.gemspec
I, [2014-04-23T12:27:53.446032 #448987]  INFO -- : 0:  mail (2.5.4) from /usr/libexec/openshift/cartridges/c9-0.1/root/lib/ruby/gems/specifications/mail-2.5.4.gemspec
I, [2014-04-23T12:27:53.446596 #448987]  INFO -- : 0:  actionmailer (4.0.0) from /usr/libexec/openshift/cartridges/c9-0.1/root/lib/ruby/gems/specifications/actionmailer-4.0.0.gemspec
I, [2014-04-23T12:27:53.447178 #448987]  INFO -- : 0:  activemodel (4.0.0) from /usr/libexec/openshift/cartridges/c9-0.1/root/lib/ruby/gems/specifications/activemodel-4.0.0.gemspec
I, [2014-04-23T12:27:53.447755 #448987]  INFO -- : 0:  activerecord-deprecated_finders (1.0.3) from /usr/libexec/openshift/cartridges/c9-0.1/root/lib/ruby/gems/specifications/activerecord-deprecated_finders-1.0.3.gemspec
I, [2014-04-23T12:27:53.448314 #448987]  INFO -- : 0:  arel (4.0.1) from /usr/libexec/openshift/cartridges/c9-0.1/root/lib/ruby/gems/specifications/arel-4.0.1.gemspec
I, [2014-04-23T12:27:53.452098 #448987]  INFO -- : 0:  activerecord (4.0.0) from /usr/libexec/openshift/cartridges/c9-0.1/root/lib/ruby/gems/specifications/activerecord-4.0.0.gemspec
I, [2014-04-23T12:27:53.452803 #448987]  INFO -- : 0:  bcrypt-ruby (3.0.1) from /var/lib/stickshift/5355bd8c5973ca6695000443/app-root/data/lib/ruby/gems/specifications/bcrypt-ruby-3.0.1.gemspec
I, [2014-04-23T12:27:53.453331 #448987]  INFO -- : 0:  bundler (1.5.1) from /usr/libexec/openshift/cartridges/c9-0.1/root/lib/ruby/gems/specifications/bundler-1.5.1.gemspec
I, [2014-04-23T12:27:53.453919 #448987]  INFO -- : 0:  columnize (0.8.9) from /var/lib/stickshift/5355bd8c5973ca6695000443/app-root/data/lib/ruby/gems/specifications/columnize-0.8.9.gemspec
I, [2014-04-23T12:27:53.454483 #448987]  INFO -- : 0:  debugger-linecache (1.2.0) from /var/lib/stickshift/5355bd8c5973ca6695000443/app-root/data/lib/ruby/gems/specifications/debugger-linecache-1.2.0.gemspec
I, [2014-04-23T12:27:53.458387 #448987]  INFO -- : 0:  debugger-ruby_core_source (1.3.2) from /var/lib/stickshift/5355bd8c5973ca6695000443/app-root/data/lib/ruby/gems/specifications/debugger-ruby_core_source-1.3.2.gemspec
I, [2014-04-23T12:27:53.459061 #448987]  INFO -- : 0:  debugger (1.6.6) from /var/lib/stickshift/5355bd8c5973ca6695000443/app-root/data/lib/ruby/gems/specifications/debugger-1.6.6.gemspec
I, [2014-04-23T12:27:53.459653 #448987]  INFO -- : 0:  execjs (2.0.2) from /usr/libexec/openshift/cartridges/c9-0.1/root/lib/ruby/gems/specifications/execjs-2.0.2.gemspec
I, [2014-04-23T12:27:53.460245 #448987]  INFO -- : 0:  hike (1.2.3) from /usr/libexec/openshift/cartridges/c9-0.1/root/lib/ruby/gems/specifications/hike-1.2.3.gemspec
I, [2014-04-23T12:27:53.465011 #448987]  INFO -- : 0:  json (1.8.1) from /usr/libexec/openshift/cartridges/c9-0.1/root/lib/ruby/gems/specifications/json-1.8.1.gemspec
I, [2014-04-23T12:27:53.465779 #448987]  INFO -- : 0:  thor (0.18.1) from /usr/libexec/openshift/cartridges/c9-0.1/root/lib/ruby/gems/specifications/thor-0.18.1.gemspec
I, [2014-04-23T12:27:53.466331 #448987]  INFO -- : 0:  railties (4.0.0) from /usr/libexec/openshift/cartridges/c9-0.1/root/lib/ruby/gems/specifications/railties-4.0.0.gemspec
I, [2014-04-23T12:27:53.466909 #448987]  INFO -- : 0:  tilt (1.4.1) from /usr/libexec/openshift/cartridges/c9-0.1/root/lib/ruby/gems/specifications/tilt-1.4.1.gemspec
I, [2014-04-23T12:27:53.467491 #448987]  INFO -- : 0:  sprockets (2.10.1) from /usr/libexec/openshift/cartridges/c9-0.1/root/lib/ruby/gems/specifications/sprockets-2.10.1.gemspec
I, [2014-04-23T12:27:53.471078 #448987]  INFO -- : 0:  sprockets-rails (2.0.1) from /usr/libexec/openshift/cartridges/c9-0.1/root/lib/ruby/gems/specifications/sprockets-rails-2.0.1.gemspec
I, [2014-04-23T12:27:53.471758 #448987]  INFO -- : 0:  rails (4.0.0) from /usr/libexec/openshift/cartridges/c9-0.1/root/lib/ruby/gems/specifications/rails-4.0.0.gemspec
I, [2014-04-23T12:27:53.472321 #448987]  INFO -- : 0:  rdoc (4.1.1) from /usr/libexec/openshift/cartridges/c9-0.1/root/lib/ruby/gems/specifications/rdoc-4.1.1.gemspec
I, [2014-04-23T12:27:53.472896 #448987]  INFO -- : 0:  sdoc (0.4.0) from /usr/libexec/openshift/cartridges/c9-0.1/root/lib/ruby/gems/specifications/sdoc-0.4.0.gemspec
I, [2014-04-23T12:27:57.072803 #448987]  INFO -- : 0:  temple (0.6.7) from /var/lib/stickshift/5355bd8c5973ca6695000443/app-root/data/lib/ruby/gems/specifications/temple-0.6.7.gemspec
I, [2014-04-23T12:28:02.372601 #448987]  INFO -- : 0:  slim (2.0.2) from /var/lib/stickshift/5355bd8c5973ca6695000443/app-root/data/lib/ruby/gems/specifications/slim-2.0.2.gemspec
I, [2014-04-23T12:28:02.391380 #448987]  INFO -- : 0:  sqlite3 (1.3.8) from /usr/libexec/openshift/cartridges/c9-0.1/root/lib/ruby/gems/specifications/sqlite3-1.3.8.gemspec
I, [2014-04-23T12:28:02.403565 #448987]  INFO -- : 0:  uglifier (2.4.0) from /usr/libexec/openshift/cartridges/c9-0.1/root/lib/ruby/gems/specifications/uglifier-2.4.0.gemspec
I, [2014-04-23T12:50:10.498377 #491377]  INFO -- : 0:  rake (10.1.1) from /usr/libexec/openshift/cartridges/c9-0.1/root/lib/ruby/gems/specifications/rake-10.1.1.gemspec
I, [2014-04-23T12:50:10.499427 #491377]  INFO -- : 0:  i18n (0.6.9) from /usr/libexec/openshift/cartridges/c9-0.1/root/lib/ruby/gems/specifications/i18n-0.6.9.gemspec
I, [2014-04-23T12:50:10.500086 #491377]  INFO -- : 0:  minitest (4.7.5) from /usr/libexec/openshift/cartridges/c9-0.1/root/lib/ruby/gems/specifications/minitest-4.7.5.gemspec
I, [2014-04-23T12:50:10.500717 #491377]  INFO -- : 0:  multi_json (1.8.4) from /usr/libexec/openshift/cartridges/c9-0.1/root/lib/ruby/gems/specifications/multi_json-1.8.4.gemspec
I, [2014-04-23T12:50:10.748574 #491377]  INFO -- : 0:  atomic (1.1.14) from /usr/libexec/openshift/cartridges/c9-0.1/root/lib/ruby/gems/specifications/atomic-1.1.14.gemspec
I, [2014-04-23T12:50:10.750338 #491377]  INFO -- : 0:  thread_safe (0.1.3) from /usr/libexec/openshift/cartridges/c9-0.1/root/lib/ruby/gems/specifications/thread_safe-0.1.3.gemspec
I, [2014-04-23T12:50:10.760620 #491377]  INFO -- : 0:  tzinfo (0.3.38) from /usr/libexec/openshift/cartridges/c9-0.1/root/lib/ruby/gems/specifications/tzinfo-0.3.38.gemspec
I, [2014-04-23T12:50:10.768093 #491377]  INFO -- : 0:  activesupport (4.0.0) from /usr/libexec/openshift/cartridges/c9-0.1/root/lib/ruby/gems/specifications/activesupport-4.0.0.gemspec
I, [2014-04-23T12:50:10.768823 #491377]  INFO -- : 0:  builder (3.1.4) from /usr/libexec/openshift/cartridges/c9-0.1/root/lib/ruby/gems/specifications/builder-3.1.4.gemspec
I, [2014-04-23T12:50:10.775036 #491377]  INFO -- : 0:  erubis (2.7.0) from /usr/libexec/openshift/cartridges/c9-0.1/root/lib/ruby/gems/specifications/erubis-2.7.0.gemspec
I, [2014-04-23T12:50:10.776222 #491377]  INFO -- : 0:  rack (1.5.2) from /usr/libexec/openshift/cartridges/c9-0.1/root/lib/ruby/gems/specifications/rack-1.5.2.gemspec
I, [2014-04-23T12:50:10.777362 #491377]  INFO -- : 0:  rack-test (0.6.2) from /usr/libexec/openshift/cartridges/c9-0.1/root/lib/ruby/gems/specifications/rack-test-0.6.2.gemspec
I, [2014-04-23T12:50:10.787580 #491377]  INFO -- : 0:  actionpack (4.0.0) from /usr/libexec/openshift/cartridges/c9-0.1/root/lib/ruby/gems/specifications/actionpack-4.0.0.gemspec
I, [2014-04-23T12:50:10.789780 #491377]  INFO -- : 0:  mime-types (1.25.1) from /usr/libexec/openshift/cartridges/c9-0.1/root/lib/ruby/gems/specifications/mime-types-1.25.1.gemspec
I, [2014-04-23T12:50:10.790635 #491377]  INFO -- : 0:  polyglot (0.3.3) from /usr/libexec/openshift/cartridges/c9-0.1/root/lib/ruby/gems/specifications/polyglot-0.3.3.gemspec
I, [2014-04-23T12:50:10.847080 #491377]  INFO -- : 0:  treetop (1.4.15) from /usr/libexec/openshift/cartridges/c9-0.1/root/lib/ruby/gems/specifications/treetop-1.4.15.gemspec
I, [2014-04-23T12:50:10.852296 #491377]  INFO -- : 0:  mail (2.5.4) from /usr/libexec/openshift/cartridges/c9-0.1/root/lib/ruby/gems/specifications/mail-2.5.4.gemspec
I, [2014-04-23T12:50:10.855959 #491377]  INFO -- : 0:  actionmailer (4.0.0) from /usr/libexec/openshift/cartridges/c9-0.1/root/lib/ruby/gems/specifications/actionmailer-4.0.0.gemspec
I, [2014-04-23T12:50:10.856694 #491377]  INFO -- : 0:  activemodel (4.0.0) from /usr/libexec/openshift/cartridges/c9-0.1/root/lib/ruby/gems/specifications/activemodel-4.0.0.gemspec
I, [2014-04-23T12:50:10.925749 #491377]  INFO -- : 0:  activerecord-deprecated_finders (1.0.3) from /usr/libexec/openshift/cartridges/c9-0.1/root/lib/ruby/gems/specifications/activerecord-deprecated_finders-1.0.3.gemspec
I, [2014-04-23T12:50:10.926502 #491377]  INFO -- : 0:  arel (4.0.1) from /usr/libexec/openshift/cartridges/c9-0.1/root/lib/ruby/gems/specifications/arel-4.0.1.gemspec
I, [2014-04-23T12:50:10.932864 #491377]  INFO -- : 0:  activerecord (4.0.0) from /usr/libexec/openshift/cartridges/c9-0.1/root/lib/ruby/gems/specifications/activerecord-4.0.0.gemspec
I, [2014-04-23T12:50:10.933731 #491377]  INFO -- : 0:  thor (0.18.1) from /usr/libexec/openshift/cartridges/c9-0.1/root/lib/ruby/gems/specifications/thor-0.18.1.gemspec
I, [2014-04-23T12:50:10.934567 #491377]  INFO -- : 0:  railties (4.0.0) from /usr/libexec/openshift/cartridges/c9-0.1/root/lib/ruby/gems/specifications/railties-4.0.0.gemspec
I, [2014-04-23T12:50:10.941657 #491377]  INFO -- : 0:  hike (1.2.3) from /usr/libexec/openshift/cartridges/c9-0.1/root/lib/ruby/gems/specifications/hike-1.2.3.gemspec
I, [2014-04-23T12:50:10.942430 #491377]  INFO -- : 0:  tilt (1.4.1) from /usr/libexec/openshift/cartridges/c9-0.1/root/lib/ruby/gems/specifications/tilt-1.4.1.gemspec
I, [2014-04-23T12:50:10.945183 #491377]  INFO -- : 0:  sprockets (2.10.1) from /usr/libexec/openshift/cartridges/c9-0.1/root/lib/ruby/gems/specifications/sprockets-2.10.1.gemspec
I, [2014-04-23T12:50:12.895961 #491377]  INFO -- : 0:  angular-rails-templates (0.0.7) from /var/lib/stickshift/5355bd8c5973ca6695000443/app-root/data/lib/ruby/gems/specifications/angular-rails-templates-0.0.7.gemspec
I, [2014-04-23T12:50:12.897313 #491377]  INFO -- : 0:  bcrypt-ruby (3.0.1) from /var/lib/stickshift/5355bd8c5973ca6695000443/app-root/data/lib/ruby/gems/specifications/bcrypt-ruby-3.0.1.gemspec
I, [2014-04-23T12:50:12.898027 #491377]  INFO -- : 0:  bundler (1.5.1) from /usr/libexec/openshift/cartridges/c9-0.1/root/lib/ruby/gems/specifications/bundler-1.5.1.gemspec
I, [2014-04-23T12:50:12.898694 #491377]  INFO -- : 0:  columnize (0.8.9) from /var/lib/stickshift/5355bd8c5973ca6695000443/app-root/data/lib/ruby/gems/specifications/columnize-0.8.9.gemspec
I, [2014-04-23T12:50:12.899542 #491377]  INFO -- : 0:  debugger-linecache (1.2.0) from /var/lib/stickshift/5355bd8c5973ca6695000443/app-root/data/lib/ruby/gems/specifications/debugger-linecache-1.2.0.gemspec
I, [2014-04-23T12:50:12.900343 #491377]  INFO -- : 0:  debugger-ruby_core_source (1.3.2) from /var/lib/stickshift/5355bd8c5973ca6695000443/app-root/data/lib/ruby/gems/specifications/debugger-ruby_core_source-1.3.2.gemspec
I, [2014-04-23T12:50:12.901070 #491377]  INFO -- : 0:  debugger (1.6.6) from /var/lib/stickshift/5355bd8c5973ca6695000443/app-root/data/lib/ruby/gems/specifications/debugger-1.6.6.gemspec
I, [2014-04-23T12:50:12.901690 #491377]  INFO -- : 0:  execjs (2.0.2) from /usr/libexec/openshift/cartridges/c9-0.1/root/lib/ruby/gems/specifications/execjs-2.0.2.gemspec
I, [2014-04-23T12:50:12.902353 #491377]  INFO -- : 0:  json (1.8.1) from /usr/libexec/openshift/cartridges/c9-0.1/root/lib/ruby/gems/specifications/json-1.8.1.gemspec
I, [2014-04-23T12:50:12.903039 #491377]  INFO -- : 0:  sprockets-rails (2.0.1) from /usr/libexec/openshift/cartridges/c9-0.1/root/lib/ruby/gems/specifications/sprockets-rails-2.0.1.gemspec
I, [2014-04-23T12:50:12.903692 #491377]  INFO -- : 0:  rails (4.0.0) from /usr/libexec/openshift/cartridges/c9-0.1/root/lib/ruby/gems/specifications/rails-4.0.0.gemspec
I, [2014-04-23T12:50:12.910834 #491377]  INFO -- : 0:  rdoc (4.1.1) from /usr/libexec/openshift/cartridges/c9-0.1/root/lib/ruby/gems/specifications/rdoc-4.1.1.gemspec
I, [2014-04-23T12:50:12.911475 #491377]  INFO -- : 0:  sdoc (0.4.0) from /usr/libexec/openshift/cartridges/c9-0.1/root/lib/ruby/gems/specifications/sdoc-0.4.0.gemspec
I, [2014-04-23T12:50:12.912206 #491377]  INFO -- : 0:  temple (0.6.7) from /var/lib/stickshift/5355bd8c5973ca6695000443/app-root/data/lib/ruby/gems/specifications/temple-0.6.7.gemspec
I, [2014-04-23T12:50:12.912904 #491377]  INFO -- : 0:  slim (2.0.2) from /var/lib/stickshift/5355bd8c5973ca6695000443/app-root/data/lib/ruby/gems/specifications/slim-2.0.2.gemspec
I, [2014-04-23T12:50:12.913558 #491377]  INFO -- : 0:  sqlite3 (1.3.8) from /usr/libexec/openshift/cartridges/c9-0.1/root/lib/ruby/gems/specifications/sqlite3-1.3.8.gemspec
I, [2014-04-23T12:50:12.914519 #491377]  INFO -- : 0:  uglifier (2.4.0) from /usr/libexec/openshift/cartridges/c9-0.1/root/lib/ruby/gems/specifications/uglifier-2.4.0.gemspec
I, [2014-04-24T08:56:19.015407 #336515]  INFO -- : 0:  rake (10.1.1) from /usr/libexec/openshift/cartridges/c9-0.1/root/lib/ruby/gems/specifications/rake-10.1.1.gemspec
I, [2014-04-24T08:56:19.050758 #336515]  INFO -- : 0:  i18n (0.6.9) from /usr/libexec/openshift/cartridges/c9-0.1/root/lib/ruby/gems/specifications/i18n-0.6.9.gemspec
I, [2014-04-24T08:56:19.052350 #336515]  INFO -- : 0:  minitest (4.7.5) from /usr/libexec/openshift/cartridges/c9-0.1/root/lib/ruby/gems/specifications/minitest-4.7.5.gemspec
I, [2014-04-24T08:56:19.052906 #336515]  INFO -- : 0:  multi_json (1.8.4) from /usr/libexec/openshift/cartridges/c9-0.1/root/lib/ruby/gems/specifications/multi_json-1.8.4.gemspec
I, [2014-04-24T08:56:19.053589 #336515]  INFO -- : 0:  atomic (1.1.14) from /usr/libexec/openshift/cartridges/c9-0.1/root/lib/ruby/gems/specifications/atomic-1.1.14.gemspec
I, [2014-04-24T08:56:19.054285 #336515]  INFO -- : 0:  thread_safe (0.1.3) from /usr/libexec/openshift/cartridges/c9-0.1/root/lib/ruby/gems/specifications/thread_safe-0.1.3.gemspec
I, [2014-04-24T08:56:19.054915 #336515]  INFO -- : 0:  tzinfo (0.3.38) from /usr/libexec/openshift/cartridges/c9-0.1/root/lib/ruby/gems/specifications/tzinfo-0.3.38.gemspec
I, [2014-04-24T08:56:19.055605 #336515]  INFO -- : 0:  activesupport (4.0.0) from /usr/libexec/openshift/cartridges/c9-0.1/root/lib/ruby/gems/specifications/activesupport-4.0.0.gemspec
I, [2014-04-24T08:56:19.056284 #336515]  INFO -- : 0:  builder (3.1.4) from /usr/libexec/openshift/cartridges/c9-0.1/root/lib/ruby/gems/specifications/builder-3.1.4.gemspec
I, [2014-04-24T08:56:19.056827 #336515]  INFO -- : 0:  erubis (2.7.0) from /usr/libexec/openshift/cartridges/c9-0.1/root/lib/ruby/gems/specifications/erubis-2.7.0.gemspec
I, [2014-04-24T08:56:19.057507 #336515]  INFO -- : 0:  rack (1.5.2) from /usr/libexec/openshift/cartridges/c9-0.1/root/lib/ruby/gems/specifications/rack-1.5.2.gemspec
I, [2014-04-24T08:56:19.058182 #336515]  INFO -- : 0:  rack-test (0.6.2) from /usr/libexec/openshift/cartridges/c9-0.1/root/lib/ruby/gems/specifications/rack-test-0.6.2.gemspec
I, [2014-04-24T08:56:19.060330 #336515]  INFO -- : 0:  actionpack (4.0.0) from /usr/libexec/openshift/cartridges/c9-0.1/root/lib/ruby/gems/specifications/actionpack-4.0.0.gemspec
I, [2014-04-24T08:56:19.060949 #336515]  INFO -- : 0:  mime-types (1.25.1) from /usr/libexec/openshift/cartridges/c9-0.1/root/lib/ruby/gems/specifications/mime-types-1.25.1.gemspec
I, [2014-04-24T08:56:19.097096 #336515]  INFO -- : 0:  polyglot (0.3.3) from /usr/libexec/openshift/cartridges/c9-0.1/root/lib/ruby/gems/specifications/polyglot-0.3.3.gemspec
I, [2014-04-24T08:56:19.097654 #336515]  INFO -- : 0:  treetop (1.4.15) from /usr/libexec/openshift/cartridges/c9-0.1/root/lib/ruby/gems/specifications/treetop-1.4.15.gemspec
I, [2014-04-24T08:56:19.099509 #336515]  INFO -- : 0:  mail (2.5.4) from /usr/libexec/openshift/cartridges/c9-0.1/root/lib/ruby/gems/specifications/mail-2.5.4.gemspec
I, [2014-04-24T08:56:19.101103 #336515]  INFO -- : 0:  actionmailer (4.0.0) from /usr/libexec/openshift/cartridges/c9-0.1/root/lib/ruby/gems/specifications/actionmailer-4.0.0.gemspec
I, [2014-04-24T08:56:19.101652 #336515]  INFO -- : 0:  activemodel (4.0.0) from /usr/libexec/openshift/cartridges/c9-0.1/root/lib/ruby/gems/specifications/activemodel-4.0.0.gemspec
I, [2014-04-24T08:56:19.102294 #336515]  INFO -- : 0:  activerecord-deprecated_finders (1.0.3) from /usr/libexec/openshift/cartridges/c9-0.1/root/lib/ruby/gems/specifications/activerecord-deprecated_finders-1.0.3.gemspec
I, [2014-04-24T08:56:19.102830 #336515]  INFO -- : 0:  arel (4.0.1) from /usr/libexec/openshift/cartridges/c9-0.1/root/lib/ruby/gems/specifications/arel-4.0.1.gemspec
I, [2014-04-24T08:56:19.103471 #336515]  INFO -- : 0:  activerecord (4.0.0) from /usr/libexec/openshift/cartridges/c9-0.1/root/lib/ruby/gems/specifications/activerecord-4.0.0.gemspec
I, [2014-04-24T08:56:19.104129 #336515]  INFO -- : 0:  thor (0.18.1) from /usr/libexec/openshift/cartridges/c9-0.1/root/lib/ruby/gems/specifications/thor-0.18.1.gemspec
I, [2014-04-24T08:56:19.104674 #336515]  INFO -- : 0:  railties (4.0.0) from /usr/libexec/openshift/cartridges/c9-0.1/root/lib/ruby/gems/specifications/railties-4.0.0.gemspec
I, [2014-04-24T08:56:19.105313 #336515]  INFO -- : 0:  hike (1.2.3) from /usr/libexec/openshift/cartridges/c9-0.1/root/lib/ruby/gems/specifications/hike-1.2.3.gemspec
I, [2014-04-24T08:56:19.105847 #336515]  INFO -- : 0:  tilt (1.4.1) from /usr/libexec/openshift/cartridges/c9-0.1/root/lib/ruby/gems/specifications/tilt-1.4.1.gemspec
I, [2014-04-24T08:56:19.106507 #336515]  INFO -- : 0:  sprockets (2.10.1) from /usr/libexec/openshift/cartridges/c9-0.1/root/lib/ruby/gems/specifications/sprockets-2.10.1.gemspec
I, [2014-04-24T08:56:19.107201 #336515]  INFO -- : 0:  angular-rails-templates (0.0.7) from /var/lib/stickshift/5355bd8c5973ca6695000443/app-root/data/lib/ruby/gems/specifications/angular-rails-templates-0.0.7.gemspec
I, [2014-04-24T08:56:28.799149 #336515]  INFO -- : 0:  bcrypt (3.1.7) from /var/lib/stickshift/5355bd8c5973ca6695000443/app-root/data/lib/ruby/gems/specifications/bcrypt-3.1.7.gemspec
I, [2014-04-24T08:56:28.800612 #336515]  INFO -- : 0:  bcrypt-ruby (3.0.1) from /var/lib/stickshift/5355bd8c5973ca6695000443/app-root/data/lib/ruby/gems/specifications/bcrypt-ruby-3.0.1.gemspec
I, [2014-04-24T08:56:28.801385 #336515]  INFO -- : 0:  bundler (1.5.1) from /usr/libexec/openshift/cartridges/c9-0.1/root/lib/ruby/gems/specifications/bundler-1.5.1.gemspec
I, [2014-04-24T08:56:28.802204 #336515]  INFO -- : 0:  columnize (0.8.9) from /var/lib/stickshift/5355bd8c5973ca6695000443/app-root/data/lib/ruby/gems/specifications/columnize-0.8.9.gemspec
I, [2014-04-24T08:56:28.802917 #336515]  INFO -- : 0:  debugger-linecache (1.2.0) from /var/lib/stickshift/5355bd8c5973ca6695000443/app-root/data/lib/ruby/gems/specifications/debugger-linecache-1.2.0.gemspec
I, [2014-04-24T08:56:28.803775 #336515]  INFO -- : 0:  debugger-ruby_core_source (1.3.2) from /var/lib/stickshift/5355bd8c5973ca6695000443/app-root/data/lib/ruby/gems/specifications/debugger-ruby_core_source-1.3.2.gemspec
I, [2014-04-24T08:56:28.804657 #336515]  INFO -- : 0:  debugger (1.6.6) from /var/lib/stickshift/5355bd8c5973ca6695000443/app-root/data/lib/ruby/gems/specifications/debugger-1.6.6.gemspec
I, [2014-04-24T08:56:30.504062 #336515]  INFO -- : 0:  orm_adapter (0.5.0) from /var/lib/stickshift/5355bd8c5973ca6695000443/app-root/data/lib/ruby/gems/specifications/orm_adapter-0.5.0.gemspec
I, [2014-04-24T08:56:32.011777 #336515]  INFO -- : 0:  warden (1.2.3) from /var/lib/stickshift/5355bd8c5973ca6695000443/app-root/data/lib/ruby/gems/specifications/warden-1.2.3.gemspec
I, [2014-04-24T08:56:37.100080 #336515]  INFO -- : 0:  devise (3.2.4) from /var/lib/stickshift/5355bd8c5973ca6695000443/app-root/data/lib/ruby/gems/specifications/devise-3.2.4.gemspec
I, [2014-04-24T08:56:37.100936 #336515]  INFO -- : 0:  execjs (2.0.2) from /usr/libexec/openshift/cartridges/c9-0.1/root/lib/ruby/gems/specifications/execjs-2.0.2.gemspec
I, [2014-04-24T08:56:38.649678 #336515]  INFO -- : 0:  hashie (2.1.1) from /var/lib/stickshift/5355bd8c5973ca6695000443/app-root/data/lib/ruby/gems/specifications/hashie-2.1.1.gemspec
I, [2014-04-24T08:56:38.696432 #336515]  INFO -- : 0:  json (1.8.1) from /usr/libexec/openshift/cartridges/c9-0.1/root/lib/ruby/gems/specifications/json-1.8.1.gemspec
I, [2014-04-24T08:56:40.896788 #336515]  INFO -- : 0:  oauth (0.4.7) from /var/lib/stickshift/5355bd8c5973ca6695000443/app-root/data/lib/ruby/gems/specifications/oauth-0.4.7.gemspec
I, [2014-04-24T08:56:42.809294 #336515]  INFO -- : 0:  omniauth (1.2.1) from /var/lib/stickshift/5355bd8c5973ca6695000443/app-root/data/lib/ruby/gems/specifications/omniauth-1.2.1.gemspec
I, [2014-04-24T08:56:44.011627 #336515]  INFO -- : 0:  omniauth-oauth (1.0.1) from /var/lib/stickshift/5355bd8c5973ca6695000443/app-root/data/lib/ruby/gems/specifications/omniauth-oauth-1.0.1.gemspec
I, [2014-04-24T08:56:45.300445 #336515]  INFO -- : 0:  omniauth-google (1.0.2) from /var/lib/stickshift/5355bd8c5973ca6695000443/app-root/data/lib/ruby/gems/specifications/omniauth-google-1.0.2.gemspec
I, [2014-04-24T08:56:46.595319 #336515]  INFO -- : 0:  omniauth-twitter (1.0.1) from /var/lib/stickshift/5355bd8c5973ca6695000443/app-root/data/lib/ruby/gems/specifications/omniauth-twitter-1.0.1.gemspec
I, [2014-04-24T08:56:46.596236 #336515]  INFO -- : 0:  sprockets-rails (2.0.1) from /usr/libexec/openshift/cartridges/c9-0.1/root/lib/ruby/gems/specifications/sprockets-rails-2.0.1.gemspec
I, [2014-04-24T08:56:46.596794 #336515]  INFO -- : 0:  rails (4.0.0) from /usr/libexec/openshift/cartridges/c9-0.1/root/lib/ruby/gems/specifications/rails-4.0.0.gemspec
I, [2014-04-24T08:56:46.597402 #336515]  INFO -- : 0:  rdoc (4.1.1) from /usr/libexec/openshift/cartridges/c9-0.1/root/lib/ruby/gems/specifications/rdoc-4.1.1.gemspec
I, [2014-04-24T08:56:46.598160 #336515]  INFO -- : 0:  sdoc (0.4.0) from /usr/libexec/openshift/cartridges/c9-0.1/root/lib/ruby/gems/specifications/sdoc-0.4.0.gemspec
I, [2014-04-24T08:56:46.598732 #336515]  INFO -- : 0:  temple (0.6.7) from /var/lib/stickshift/5355bd8c5973ca6695000443/app-root/data/lib/ruby/gems/specifications/temple-0.6.7.gemspec
I, [2014-04-24T08:56:46.599332 #336515]  INFO -- : 0:  slim (2.0.2) from /var/lib/stickshift/5355bd8c5973ca6695000443/app-root/data/lib/ruby/gems/specifications/slim-2.0.2.gemspec
I, [2014-04-24T08:56:46.599889 #336515]  INFO -- : 0:  sqlite3 (1.3.8) from /usr/libexec/openshift/cartridges/c9-0.1/root/lib/ruby/gems/specifications/sqlite3-1.3.8.gemspec
I, [2014-04-24T08:56:46.600486 #336515]  INFO -- : 0:  uglifier (2.4.0) from /usr/libexec/openshift/cartridges/c9-0.1/root/lib/ruby/gems/specifications/uglifier-2.4.0.gemspec
I, [2014-04-25T11:36:33.199997 #247339]  INFO -- : 0:  rake (10.1.1) from /usr/libexec/openshift/cartridges/c9-0.1/root/lib/ruby/gems/specifications/rake-10.1.1.gemspec
I, [2014-04-25T11:36:33.240217 #247339]  INFO -- : 0:  i18n (0.6.9) from /usr/libexec/openshift/cartridges/c9-0.1/root/lib/ruby/gems/specifications/i18n-0.6.9.gemspec
I, [2014-04-25T11:36:33.241154 #247339]  INFO -- : 0:  minitest (4.7.5) from /usr/libexec/openshift/cartridges/c9-0.1/root/lib/ruby/gems/specifications/minitest-4.7.5.gemspec
I, [2014-04-25T11:36:33.244451 #247339]  INFO -- : 0:  multi_json (1.8.4) from /usr/libexec/openshift/cartridges/c9-0.1/root/lib/ruby/gems/specifications/multi_json-1.8.4.gemspec
I, [2014-04-25T11:36:33.246228 #247339]  INFO -- : 0:  atomic (1.1.14) from /usr/libexec/openshift/cartridges/c9-0.1/root/lib/ruby/gems/specifications/atomic-1.1.14.gemspec
I, [2014-04-25T11:36:33.247197 #247339]  INFO -- : 0:  thread_safe (0.1.3) from /usr/libexec/openshift/cartridges/c9-0.1/root/lib/ruby/gems/specifications/thread_safe-0.1.3.gemspec
I, [2014-04-25T11:36:33.247907 #247339]  INFO -- : 0:  tzinfo (0.3.38) from /usr/libexec/openshift/cartridges/c9-0.1/root/lib/ruby/gems/specifications/tzinfo-0.3.38.gemspec
I, [2014-04-25T11:36:33.248809 #247339]  INFO -- : 0:  activesupport (4.0.0) from /usr/libexec/openshift/cartridges/c9-0.1/root/lib/ruby/gems/specifications/activesupport-4.0.0.gemspec
I, [2014-04-25T11:36:33.249756 #247339]  INFO -- : 0:  builder (3.1.4) from /usr/libexec/openshift/cartridges/c9-0.1/root/lib/ruby/gems/specifications/builder-3.1.4.gemspec
I, [2014-04-25T11:36:33.251921 #247339]  INFO -- : 0:  erubis (2.7.0) from /usr/libexec/openshift/cartridges/c9-0.1/root/lib/ruby/gems/specifications/erubis-2.7.0.gemspec
I, [2014-04-25T11:36:33.253091 #247339]  INFO -- : 0:  rack (1.5.2) from /usr/libexec/openshift/cartridges/c9-0.1/root/lib/ruby/gems/specifications/rack-1.5.2.gemspec
I, [2014-04-25T11:36:33.253886 #247339]  INFO -- : 0:  rack-test (0.6.2) from /usr/libexec/openshift/cartridges/c9-0.1/root/lib/ruby/gems/specifications/rack-test-0.6.2.gemspec
I, [2014-04-25T11:36:33.254852 #247339]  INFO -- : 0:  actionpack (4.0.0) from /usr/libexec/openshift/cartridges/c9-0.1/root/lib/ruby/gems/specifications/actionpack-4.0.0.gemspec
I, [2014-04-25T11:36:33.255743 #247339]  INFO -- : 0:  mime-types (1.25.1) from /usr/libexec/openshift/cartridges/c9-0.1/root/lib/ruby/gems/specifications/mime-types-1.25.1.gemspec
I, [2014-04-25T11:36:33.256725 #247339]  INFO -- : 0:  polyglot (0.3.3) from /usr/libexec/openshift/cartridges/c9-0.1/root/lib/ruby/gems/specifications/polyglot-0.3.3.gemspec
I, [2014-04-25T11:36:33.257647 #247339]  INFO -- : 0:  treetop (1.4.15) from /usr/libexec/openshift/cartridges/c9-0.1/root/lib/ruby/gems/specifications/treetop-1.4.15.gemspec
I, [2014-04-25T11:36:33.258499 #247339]  INFO -- : 0:  mail (2.5.4) from /usr/libexec/openshift/cartridges/c9-0.1/root/lib/ruby/gems/specifications/mail-2.5.4.gemspec
I, [2014-04-25T11:36:33.259415 #247339]  INFO -- : 0:  actionmailer (4.0.0) from /usr/libexec/openshift/cartridges/c9-0.1/root/lib/ruby/gems/specifications/actionmailer-4.0.0.gemspec
I, [2014-04-25T11:36:33.260287 #247339]  INFO -- : 0:  activemodel (4.0.0) from /usr/libexec/openshift/cartridges/c9-0.1/root/lib/ruby/gems/specifications/activemodel-4.0.0.gemspec
I, [2014-04-25T11:36:33.261115 #247339]  INFO -- : 0:  activerecord-deprecated_finders (1.0.3) from /usr/libexec/openshift/cartridges/c9-0.1/root/lib/ruby/gems/specifications/activerecord-deprecated_finders-1.0.3.gemspec
I, [2014-04-25T11:36:33.261832 #247339]  INFO -- : 0:  arel (4.0.1) from /usr/libexec/openshift/cartridges/c9-0.1/root/lib/ruby/gems/specifications/arel-4.0.1.gemspec
I, [2014-04-25T11:36:33.262716 #247339]  INFO -- : 0:  activerecord (4.0.0) from /usr/libexec/openshift/cartridges/c9-0.1/root/lib/ruby/gems/specifications/activerecord-4.0.0.gemspec
I, [2014-04-25T11:36:33.263562 #247339]  INFO -- : 0:  thor (0.18.1) from /usr/libexec/openshift/cartridges/c9-0.1/root/lib/ruby/gems/specifications/thor-0.18.1.gemspec
I, [2014-04-25T11:36:33.264405 #247339]  INFO -- : 0:  railties (4.0.0) from /usr/libexec/openshift/cartridges/c9-0.1/root/lib/ruby/gems/specifications/railties-4.0.0.gemspec
I, [2014-04-25T11:36:33.265228 #247339]  INFO -- : 0:  hike (1.2.3) from /usr/libexec/openshift/cartridges/c9-0.1/root/lib/ruby/gems/specifications/hike-1.2.3.gemspec
I, [2014-04-25T11:36:33.265946 #247339]  INFO -- : 0:  tilt (1.4.1) from /usr/libexec/openshift/cartridges/c9-0.1/root/lib/ruby/gems/specifications/tilt-1.4.1.gemspec
I, [2014-04-25T11:36:33.296496 #247339]  INFO -- : 0:  sprockets (2.10.1) from /usr/libexec/openshift/cartridges/c9-0.1/root/lib/ruby/gems/specifications/sprockets-2.10.1.gemspec
I, [2014-04-25T11:36:33.298785 #247339]  INFO -- : 0:  angular-rails-templates (0.0.7) from /var/lib/stickshift/5355bd8c5973ca6695000443/app-root/data/lib/ruby/gems/specifications/angular-rails-templates-0.0.7.gemspec
I, [2014-04-25T11:36:33.302277 #247339]  INFO -- : 0:  bcrypt (3.1.7) from /var/lib/stickshift/5355bd8c5973ca6695000443/app-root/data/lib/ruby/gems/specifications/bcrypt-3.1.7.gemspec
I, [2014-04-25T11:36:33.304299 #247339]  INFO -- : 0:  bcrypt-ruby (3.0.1) from /var/lib/stickshift/5355bd8c5973ca6695000443/app-root/data/lib/ruby/gems/specifications/bcrypt-ruby-3.0.1.gemspec
I, [2014-04-25T11:36:33.305322 #247339]  INFO -- : 0:  bundler (1.5.1) from /usr/libexec/openshift/cartridges/c9-0.1/root/lib/ruby/gems/specifications/bundler-1.5.1.gemspec
I, [2014-04-25T11:36:33.307192 #247339]  INFO -- : 0:  columnize (0.8.9) from /var/lib/stickshift/5355bd8c5973ca6695000443/app-root/data/lib/ruby/gems/specifications/columnize-0.8.9.gemspec
I, [2014-04-25T11:36:33.308565 #247339]  INFO -- : 0:  debugger-linecache (1.2.0) from /var/lib/stickshift/5355bd8c5973ca6695000443/app-root/data/lib/ruby/gems/specifications/debugger-linecache-1.2.0.gemspec
I, [2014-04-25T11:36:33.310196 #247339]  INFO -- : 0:  debugger-ruby_core_source (1.3.2) from /var/lib/stickshift/5355bd8c5973ca6695000443/app-root/data/lib/ruby/gems/specifications/debugger-ruby_core_source-1.3.2.gemspec
I, [2014-04-25T11:36:33.311442 #247339]  INFO -- : 0:  debugger (1.6.6) from /var/lib/stickshift/5355bd8c5973ca6695000443/app-root/data/lib/ruby/gems/specifications/debugger-1.6.6.gemspec
I, [2014-04-25T11:36:33.312618 #247339]  INFO -- : 0:  orm_adapter (0.5.0) from /var/lib/stickshift/5355bd8c5973ca6695000443/app-root/data/lib/ruby/gems/specifications/orm_adapter-0.5.0.gemspec
I, [2014-04-25T11:36:33.313890 #247339]  INFO -- : 0:  warden (1.2.3) from /var/lib/stickshift/5355bd8c5973ca6695000443/app-root/data/lib/ruby/gems/specifications/warden-1.2.3.gemspec
I, [2014-04-25T11:36:33.315209 #247339]  INFO -- : 0:  devise (3.2.4) from /var/lib/stickshift/5355bd8c5973ca6695000443/app-root/data/lib/ruby/gems/specifications/devise-3.2.4.gemspec
I, [2014-04-25T11:36:33.316442 #247339]  INFO -- : 0:  execjs (2.0.2) from /usr/libexec/openshift/cartridges/c9-0.1/root/lib/ruby/gems/specifications/execjs-2.0.2.gemspec
I, [2014-04-25T11:36:33.420954 #247339]  INFO -- : 0:  hashie (2.1.1) from /var/lib/stickshift/5355bd8c5973ca6695000443/app-root/data/lib/ruby/gems/specifications/hashie-2.1.1.gemspec
I, [2014-04-25T11:36:33.422816 #247339]  INFO -- : 0:  json (1.8.1) from /usr/libexec/openshift/cartridges/c9-0.1/root/lib/ruby/gems/specifications/json-1.8.1.gemspec
I, [2014-04-25T11:36:33.423675 #247339]  INFO -- : 0:  oauth (0.4.7) from /var/lib/stickshift/5355bd8c5973ca6695000443/app-root/data/lib/ruby/gems/specifications/oauth-0.4.7.gemspec
I, [2014-04-25T11:36:33.494593 #247339]  INFO -- : 0:  omniauth (1.2.1) from /var/lib/stickshift/5355bd8c5973ca6695000443/app-root/data/lib/ruby/gems/specifications/omniauth-1.2.1.gemspec
I, [2014-04-25T11:36:33.495529 #247339]  INFO -- : 0:  omniauth-oauth (1.0.1) from /var/lib/stickshift/5355bd8c5973ca6695000443/app-root/data/lib/ruby/gems/specifications/omniauth-oauth-1.0.1.gemspec
I, [2014-04-25T11:36:33.496306 #247339]  INFO -- : 0:  omniauth-google (1.0.2) from /var/lib/stickshift/5355bd8c5973ca6695000443/app-root/data/lib/ruby/gems/specifications/omniauth-google-1.0.2.gemspec
I, [2014-04-25T11:36:33.497068 #247339]  INFO -- : 0:  omniauth-twitter (1.0.1) from /var/lib/stickshift/5355bd8c5973ca6695000443/app-root/data/lib/ruby/gems/specifications/omniauth-twitter-1.0.1.gemspec
I, [2014-04-25T11:36:33.497869 #247339]  INFO -- : 0:  sprockets-rails (2.0.1) from /usr/libexec/openshift/cartridges/c9-0.1/root/lib/ruby/gems/specifications/sprockets-rails-2.0.1.gemspec
I, [2014-04-25T11:36:33.498959 #247339]  INFO -- : 0:  rails (4.0.0) from /usr/libexec/openshift/cartridges/c9-0.1/root/lib/ruby/gems/specifications/rails-4.0.0.gemspec
I, [2014-04-25T11:36:33.499922 #247339]  INFO -- : 0:  rdoc (4.1.1) from /usr/libexec/openshift/cartridges/c9-0.1/root/lib/ruby/gems/specifications/rdoc-4.1.1.gemspec
I, [2014-04-25T11:36:34.626180 #247339]  INFO -- : 0:  role_model (0.8.1) from /var/lib/stickshift/5355bd8c5973ca6695000443/app-root/data/lib/ruby/gems/specifications/role_model-0.8.1.gemspec
I, [2014-04-25T11:36:34.835731 #247339]  INFO -- : 0:  sdoc (0.4.0) from /usr/libexec/openshift/cartridges/c9-0.1/root/lib/ruby/gems/specifications/sdoc-0.4.0.gemspec
I, [2014-04-25T11:36:34.838614 #247339]  INFO -- : 0:  temple (0.6.7) from /var/lib/stickshift/5355bd8c5973ca6695000443/app-root/data/lib/ruby/gems/specifications/temple-0.6.7.gemspec
I, [2014-04-25T11:36:34.840137 #247339]  INFO -- : 0:  slim (2.0.2) from /var/lib/stickshift/5355bd8c5973ca6695000443/app-root/data/lib/ruby/gems/specifications/slim-2.0.2.gemspec
I, [2014-04-25T11:36:34.841129 #247339]  INFO -- : 0:  sqlite3 (1.3.8) from /usr/libexec/openshift/cartridges/c9-0.1/root/lib/ruby/gems/specifications/sqlite3-1.3.8.gemspec
I, [2014-04-25T11:36:34.841932 #247339]  INFO -- : 0:  uglifier (2.4.0) from /usr/libexec/openshift/cartridges/c9-0.1/root/lib/ruby/gems/specifications/uglifier-2.4.0.gemspec
